<?xml version="1.0" encoding="UTF-8"?>
<testsuites name="jest tests" tests="5" failures="0" time="0.996">
  <testsuite name="undefined" errors="0" failures="0" skipped="0" timestamp="2021-03-11T21:35:38" time="0.673" tests="5">
    <testcase classname=" initial UI is rendered as expected and button works" name=" initial UI is rendered as expected and button works" time="0.031">
    </testcase>
    <testcase classname=" button adds notes" name=" button adds notes" time="0.011">
    </testcase>
    <testcase classname=" Multiple notes can be added" name=" Multiple notes can be added" time="0.019">
    </testcase>
    <testcase classname=" Switching between buttons work" name=" Switching between buttons work" time="0.041">
    </testcase>
    <testcase classname=" In active tab, dont show completed notes" name=" In active tab, dont show completed notes" time="0.022">
    </testcase>
  </testsuite>
</testsuites>